1616143737203	geckodriver	INFO	Listening on 127.0.0.1:61578
1616143740230	mozrunner::runner	INFO	Running command: "C:\\Program Files\\Mozilla Firefox\\firefox.exe" "--marionette" "-foreground" "-no-remote" "-profile" "C:\\Users\\UTILIS~1\\AppData\\Local\\Temp\\rust_mozprofileRiBm3A"
console.warn: SearchSettings: "get: No settings file exists, new profile?" (new Error("", "(unknown module)"))
1616143745257	Marionette	INFO	Listening on port 61586
1616143745580	Marionette	WARN	TLS certificate errors will be ignored for this session
[Child 11812, MediaDecoderStateMachine #1] WARNING: Decoder=1552621e000 state=DECODING_METADATA Decode metadata failed, shutting down decoder: file /builds/worker/checkouts/gecko/dom/media/MediaDecoderStateMachine.cpp:368
[Child 11812, MediaDecoderStateMachine #1] WARNING: Decoder=1552621e000 Decode error: NS_ERROR_DOM_MEDIA_METADATA_ERR (0x806e0006) - static MP4Metadata::ResultAndByteBuffer __cdecl mozilla::MP4Metadata::Metadata(mozilla::ByteStream *): Cannot parse metadata: file /builds/worker/checkouts/gecko/dom/media/MediaDecoderStateMachine.cpp:3474
1616144319338	Marionette	INFO	Stopped listening on port 61586

###!!! [Child][RunMessage] Error: Channel closing: too late to send/recv, messages will be lost

"--marionette" "-foreground" "-no-remote" "-profile" "C:\\Users\\UTILIS~1\\AppData\\Local\\Temp\\rust_mozprofileff86TN"
console.warn: SearchSettings: "get: No settings file exists, new profile?" (new Error("", "(unknown module)"))
1616144210257	Marionette	INFO	Listening on port 55671
1616144210389	Marionette	WARN	TLS certificate errors will be ignored for this session
1616144312093	Marionette	INFO	Stopped listening on port 55671

###!!! [Child][RunMessage] Error: Channel closing: too late to send/recv, messages will be lost

1616144357388	geckodriver	INFO	Listening on 127.0.0.1:58321
1616144360429	mozrunner::runner	INFO	Running command: "C:\\Program Files\\Mozilla Firefox\\firefox.exe" "--marionette" "-foreground" "-no-remote" "-profile" "C:\\Users\\UTILIS~1\\AppData\\Local\\Temp\\rust_mozprofileOWVcxe"
console.warn: SearchSettings: "get: No settings file exists, new profile?" (new Error("", "(unknown module)"))
1616144365444	Marionette	INFO	Listening on port 58330
1616144365778	Marionette	WARN	TLS certificate errors will be ignored for this session

###!!! [Child][RunMessage] Error: Channel closing: too late to send/recv, messages will be lost

1616144432514	Marionette	INFO	Stopped listening on port 58330

###!!! [Child][RunMessage] Error: Channel closing: too late to send/recv, messages will be lost

